[0902/213821.346:ERROR:process_reader_win.cc(151)] SuspendThread: Access is denied. (0x5)
[0902/213821.347:ERROR:process_reader_win.cc(151)] SuspendThread: Access is denied. (0x5)
[0902/213821.347:ERROR:process_reader_win.cc(151)] SuspendThread: Access is denied. (0x5)
[0902/213821.347:ERROR:process_reader_win.cc(151)] SuspendThread: Access is denied. (0x5)
[0902/213821.347:ERROR:process_reader_win.cc(151)] SuspendThread: Access is denied. (0x5)
[0902/213821.347:ERROR:process_reader_win.cc(151)] SuspendThread: Access is denied. (0x5)
[0902/213821.347:ERROR:process_reader_win.cc(151)] SuspendThread: Access is denied. (0x5)
[0902/213821.347:ERROR:process_reader_win.cc(151)] SuspendThread: Access is denied. (0x5)
[0902/213821.347:ERROR:process_reader_win.cc(151)] SuspendThread: Access is denied. (0x5)
[0902/213821.348:ERROR:process_reader_win.cc(123)] NtOpenThread: {Access Denied} A process has requested access to an object, but has not been granted those access rights. (0xc0000022)
[0902/213821.348:ERROR:exception_snapshot_win.cc(98)] thread ID 8928 not found in process
[0902/213821.348:ERROR:process_reader_win.cc(151)] SuspendThread: Access is denied. (0x5)
[0902/213821.348:ERROR:process_reader_win.cc(151)] SuspendThread: Access is denied. (0x5)
[0902/213821.348:ERROR:process_reader_win.cc(151)] SuspendThread: Access is denied. (0x5)
[0902/213821.348:ERROR:process_reader_win.cc(151)] SuspendThread: Access is denied. (0x5)
[0902/213821.348:ERROR:process_reader_win.cc(151)] SuspendThread: Access is denied. (0x5)
[0902/213821.348:ERROR:process_reader_win.cc(151)] SuspendThread: Access is denied. (0x5)
[0902/213821.348:ERROR:process_reader_win.cc(151)] SuspendThread: Access is denied. (0x5)
[0902/213821.348:ERROR:process_reader_win.cc(151)] SuspendThread: Access is denied. (0x5)
[0902/213821.348:ERROR:process_reader_win.cc(151)] SuspendThread: Access is denied. (0x5)
[0902/213821.348:ERROR:process_reader_win.cc(151)] SuspendThread: Access is denied. (0x5)
[0902/213821.348:ERROR:process_reader_win.cc(151)] SuspendThread: Access is denied. (0x5)
[0902/213821.348:ERROR:process_reader_win.cc(123)] NtOpenThread: {Access Denied} A process has requested access to an object, but has not been granted those access rights. (0xc0000022)
[0902/213821.348:ERROR:exception_snapshot_win.cc(98)] thread ID 13444 not found in process
[0902/213821.371:ERROR:process_reader_win.cc(151)] SuspendThread: Access is denied. (0x5)
[0902/213821.371:ERROR:process_reader_win.cc(151)] SuspendThread: Access is denied. (0x5)
[0902/213821.372:ERROR:process_reader_win.cc(151)] SuspendThread: Access is denied. (0x5)
[0902/213821.372:ERROR:process_reader_win.cc(151)] SuspendThread: Access is denied. (0x5)
[0902/213821.372:ERROR:process_reader_win.cc(151)] SuspendThread: Access is denied. (0x5)
[0902/213821.372:ERROR:process_reader_win.cc(151)] SuspendThread: Access is denied. (0x5)
[0902/213821.372:ERROR:process_reader_win.cc(151)] SuspendThread: Access is denied. (0x5)
[0902/213821.372:ERROR:process_reader_win.cc(151)] SuspendThread: Access is denied. (0x5)
[0902/213821.372:ERROR:process_reader_win.cc(151)] SuspendThread: Access is denied. (0x5)
[0902/213821.372:ERROR:process_reader_win.cc(151)] SuspendThread: Access is denied. (0x5)
[0902/213821.372:ERROR:process_reader_win.cc(151)] SuspendThread: Access is denied. (0x5)
[0902/213821.372:ERROR:process_reader_win.cc(151)] SuspendThread: Access is denied. (0x5)
[0902/213821.372:ERROR:process_reader_win.cc(151)] SuspendThread: Access is denied. (0x5)
[0902/213821.372:ERROR:process_reader_win.cc(151)] SuspendThread: Access is denied. (0x5)
[0902/213821.372:ERROR:process_reader_win.cc(151)] SuspendThread: Access is denied. (0x5)
[0902/213821.372:ERROR:process_reader_win.cc(151)] SuspendThread: Access is denied. (0x5)
[0902/213821.372:ERROR:process_reader_win.cc(151)] SuspendThread: Access is denied. (0x5)
[0902/213821.372:ERROR:process_reader_win.cc(123)] NtOpenThread: {Access Denied} A process has requested access to an object, but has not been granted those access rights. (0xc0000022)
[0902/213821.372:ERROR:exception_snapshot_win.cc(98)] thread ID 6116 not found in process
[0902/213821.374:ERROR:process_reader_win.cc(151)] SuspendThread: Access is denied. (0x5)
[0902/213821.374:ERROR:process_reader_win.cc(151)] SuspendThread: Access is denied. (0x5)
[0902/213821.374:ERROR:process_reader_win.cc(123)] NtOpenThread: {Access Denied} A process has requested access to an object, but has not been granted those access rights. (0xc0000022)
[0902/213821.374:ERROR:exception_snapshot_win.cc(98)] thread ID 10360 not found in process
[0902/213821.391:ERROR:process_reader_win.cc(151)] SuspendThread: Access is denied. (0x5)
[0902/213821.391:ERROR:process_reader_win.cc(151)] SuspendThread: Access is denied. (0x5)
[0902/213821.391:ERROR:process_reader_win.cc(151)] SuspendThread: Access is denied. (0x5)
[0902/213821.391:ERROR:process_reader_win.cc(151)] SuspendThread: Access is denied. (0x5)
[0902/213821.391:ERROR:process_reader_win.cc(151)] SuspendThread: Access is denied. (0x5)
[0902/213821.391:ERROR:process_reader_win.cc(151)] SuspendThread: Access is denied. (0x5)
[0902/213821.391:ERROR:process_reader_win.cc(151)] SuspendThread: Access is denied. (0x5)
[0902/213821.391:ERROR:process_reader_win.cc(151)] SuspendThread: Access is denied. (0x5)
[0902/213821.391:ERROR:process_reader_win.cc(151)] SuspendThread: Access is denied. (0x5)
[0902/213821.391:ERROR:process_reader_win.cc(151)] SuspendThread: Access is denied. (0x5)
[0902/213821.391:ERROR:process_reader_win.cc(151)] SuspendThread: Access is denied. (0x5)
[0902/213821.391:ERROR:process_reader_win.cc(151)] SuspendThread: Access is denied. (0x5)
[0902/213821.391:ERROR:process_reader_win.cc(151)] SuspendThread: Access is denied. (0x5)
[0902/213821.391:ERROR:process_reader_win.cc(151)] SuspendThread: Access is denied. (0x5)
[0902/213821.391:ERROR:process_reader_win.cc(123)] NtOpenThread: {Access Denied} A process has requested access to an object, but has not been granted those access rights. (0xc0000022)
[0902/213821.392:ERROR:exception_snapshot_win.cc(98)] thread ID 8756 not found in process
[0902/213821.396:ERROR:process_reader_win.cc(151)] SuspendThread: Access is denied. (0x5)
[0902/213821.396:ERROR:process_reader_win.cc(151)] SuspendThread: Access is denied. (0x5)
[0902/213821.396:ERROR:process_reader_win.cc(151)] SuspendThread: Access is denied. (0x5)
[0902/213821.396:ERROR:process_reader_win.cc(151)] SuspendThread: Access is denied. (0x5)
[0902/213821.396:ERROR:process_reader_win.cc(151)] SuspendThread: Access is denied. (0x5)
[0902/213821.396:ERROR:process_reader_win.cc(151)] SuspendThread: Access is denied. (0x5)
[0902/213821.396:ERROR:process_reader_win.cc(151)] SuspendThread: Access is denied. (0x5)
[0902/213821.396:ERROR:process_reader_win.cc(151)] SuspendThread: Access is denied. (0x5)
[0902/213821.396:ERROR:process_reader_win.cc(151)] SuspendThread: Access is denied. (0x5)
[0902/213821.396:ERROR:process_reader_win.cc(151)] SuspendThread: Access is denied. (0x5)
[0902/213821.396:ERROR:process_reader_win.cc(123)] NtOpenThread: {Access Denied} A process has requested access to an object, but has not been granted those access rights. (0xc0000022)
[0902/213821.397:ERROR:exception_snapshot_win.cc(98)] thread ID 11444 not found in process
[0902/213821.440:ERROR:process_reader_win.cc(151)] SuspendThread: Access is denied. (0x5)
[0902/213821.440:ERROR:process_reader_win.cc(151)] SuspendThread: Access is denied. (0x5)
[0902/213821.440:ERROR:process_reader_win.cc(151)] SuspendThread: Access is denied. (0x5)
[0902/213821.440:ERROR:process_reader_win.cc(151)] SuspendThread: Access is denied. (0x5)
[0902/213821.440:ERROR:process_reader_win.cc(151)] SuspendThread: Access is denied. (0x5)
[0902/213821.440:ERROR:process_reader_win.cc(151)] SuspendThread: Access is denied. (0x5)
[0902/213821.440:ERROR:process_reader_win.cc(151)] SuspendThread: Access is denied. (0x5)
[0902/213821.440:ERROR:process_reader_win.cc(151)] SuspendThread: Access is denied. (0x5)
[0902/213821.441:ERROR:process_reader_win.cc(151)] SuspendThread: Access is denied. (0x5)
[0902/213821.441:ERROR:process_reader_win.cc(151)] SuspendThread: Access is denied. (0x5)
[0902/213821.441:ERROR:process_reader_win.cc(151)] SuspendThread: Access is denied. (0x5)
[0902/213821.441:ERROR:process_reader_win.cc(123)] NtOpenThread: {Access Denied} A process has requested access to an object, but has not been granted those access rights. (0xc0000022)
[0902/213821.441:ERROR:exception_snapshot_win.cc(98)] thread ID 14980 not found in process
[0902/213821.448:ERROR:process_reader_win.cc(151)] SuspendThread: Access is denied. (0x5)
[0902/213821.448:ERROR:process_reader_win.cc(151)] SuspendThread: Access is denied. (0x5)
[0902/213821.448:ERROR:process_reader_win.cc(151)] SuspendThread: Access is denied. (0x5)
[0902/213821.449:ERROR:process_reader_win.cc(151)] SuspendThread: Access is denied. (0x5)
[0902/213821.449:ERROR:process_reader_win.cc(151)] SuspendThread: Access is denied. (0x5)
[0902/213821.449:ERROR:process_reader_win.cc(151)] SuspendThread: Access is denied. (0x5)
[0902/213821.449:ERROR:process_reader_win.cc(151)] SuspendThread: Access is denied. (0x5)
[0902/213821.449:ERROR:process_reader_win.cc(151)] SuspendThread: Access is denied. (0x5)
[0902/213821.449:ERROR:process_reader_win.cc(151)] SuspendThread: Access is denied. (0x5)
[0902/213821.449:ERROR:process_reader_win.cc(151)] SuspendThread: Access is denied. (0x5)
[0902/213821.449:ERROR:process_reader_win.cc(151)] SuspendThread: Access is denied. (0x5)
[0902/213821.449:ERROR:process_reader_win.cc(151)] SuspendThread: Access is denied. (0x5)
[0902/213821.449:ERROR:process_reader_win.cc(151)] SuspendThread: Access is denied. (0x5)
[0902/213821.449:ERROR:process_reader_win.cc(151)] SuspendThread: Access is denied. (0x5)
[0902/213821.449:ERROR:process_reader_win.cc(151)] SuspendThread: Access is denied. (0x5)
[0902/213821.449:ERROR:process_reader_win.cc(151)] SuspendThread: Access is denied. (0x5)
[0902/213821.449:ERROR:process_reader_win.cc(123)] NtOpenThread: {Access Denied} A process has requested access to an object, but has not been granted those access rights. (0xc0000022)
[0902/213821.449:ERROR:exception_snapshot_win.cc(98)] thread ID 10344 not found in process
[0902/213821.463:ERROR:process_reader_win.cc(151)] SuspendThread: Access is denied. (0x5)
[0902/213821.463:ERROR:process_reader_win.cc(151)] SuspendThread: Access is denied. (0x5)
[0902/213821.463:ERROR:process_reader_win.cc(151)] SuspendThread: Access is denied. (0x5)
[0902/213821.463:ERROR:process_reader_win.cc(151)] SuspendThread: Access is denied. (0x5)
[0902/213821.463:ERROR:process_reader_win.cc(151)] SuspendThread: Access is denied. (0x5)
[0902/213821.463:ERROR:process_reader_win.cc(151)] SuspendThread: Access is denied. (0x5)
[0902/213821.463:ERROR:process_reader_win.cc(151)] SuspendThread: Access is denied. (0x5)
[0902/213821.463:ERROR:process_reader_win.cc(151)] SuspendThread: Access is denied. (0x5)
[0902/213821.463:ERROR:process_reader_win.cc(123)] NtOpenThread: {Access Denied} A process has requested access to an object, but has not been granted those access rights. (0xc0000022)
[0902/213821.463:ERROR:exception_snapshot_win.cc(98)] thread ID 10388 not found in process
[0902/213821.491:ERROR:process_reader_win.cc(151)] SuspendThread: Access is denied. (0x5)
[0902/213821.491:ERROR:process_reader_win.cc(151)] SuspendThread: Access is denied. (0x5)
[0902/213821.491:ERROR:process_reader_win.cc(151)] SuspendThread: Access is denied. (0x5)
[0902/213821.491:ERROR:process_reader_win.cc(151)] SuspendThread: Access is denied. (0x5)
[0902/213821.491:ERROR:process_reader_win.cc(151)] SuspendThread: Access is denied. (0x5)
[0902/213821.491:ERROR:process_reader_win.cc(151)] SuspendThread: Access is denied. (0x5)
[0902/213821.491:ERROR:process_reader_win.cc(151)] SuspendThread: Access is denied. (0x5)
[0902/213821.491:ERROR:process_reader_win.cc(151)] SuspendThread: Access is denied. (0x5)
[0902/213821.491:ERROR:process_reader_win.cc(151)] SuspendThread: Access is denied. (0x5)
[0902/213821.491:ERROR:process_reader_win.cc(151)] SuspendThread: Access is denied. (0x5)
[0902/213821.491:ERROR:process_reader_win.cc(123)] NtOpenThread: {Access Denied} A process has requested access to an object, but has not been granted those access rights. (0xc0000022)
[0902/213821.491:ERROR:exception_snapshot_win.cc(98)] thread ID 11032 not found in process
[0902/213821.491:ERROR:process_reader_win.cc(151)] SuspendThread: Access is denied. (0x5)
[0902/213821.491:ERROR:process_reader_win.cc(151)] SuspendThread: Access is denied. (0x5)
[0902/213821.491:ERROR:process_reader_win.cc(151)] SuspendThread: Access is denied. (0x5)
[0902/213821.492:ERROR:process_reader_win.cc(151)] SuspendThread: Access is denied. (0x5)
[0902/213821.492:ERROR:process_reader_win.cc(151)] SuspendThread: Access is denied. (0x5)
[0902/213821.492:ERROR:process_reader_win.cc(151)] SuspendThread: Access is denied. (0x5)
[0902/213821.492:ERROR:process_reader_win.cc(151)] SuspendThread: Access is denied. (0x5)
[0902/213821.492:ERROR:process_reader_win.cc(151)] SuspendThread: Access is denied. (0x5)
[0902/213821.492:ERROR:process_reader_win.cc(151)] SuspendThread: Access is denied. (0x5)
[0902/213821.492:ERROR:process_reader_win.cc(123)] NtOpenThread: {Access Denied} A process has requested access to an object, but has not been granted those access rights. (0xc0000022)
[0902/213821.492:ERROR:exception_snapshot_win.cc(98)] thread ID 10576 not found in process
[0902/213821.494:ERROR:process_reader_win.cc(151)] SuspendThread: Access is denied. (0x5)
[0902/213821.494:ERROR:process_reader_win.cc(151)] SuspendThread: Access is denied. (0x5)
[0902/213821.494:ERROR:process_reader_win.cc(151)] SuspendThread: Access is denied. (0x5)
[0902/213821.494:ERROR:process_reader_win.cc(151)] SuspendThread: Access is denied. (0x5)
[0902/213821.494:ERROR:process_reader_win.cc(151)] SuspendThread: Access is denied. (0x5)
[0902/213821.494:ERROR:process_reader_win.cc(151)] SuspendThread: Access is denied. (0x5)
[0902/213821.494:ERROR:process_reader_win.cc(151)] SuspendThread: Access is denied. (0x5)
[0902/213821.494:ERROR:process_reader_win.cc(151)] SuspendThread: Access is denied. (0x5)
[0902/213821.494:ERROR:process_reader_win.cc(151)] SuspendThread: Access is denied. (0x5)
[0902/213821.494:ERROR:process_reader_win.cc(123)] NtOpenThread: {Access Denied} A process has requested access to an object, but has not been granted those access rights. (0xc0000022)
[0902/213821.495:ERROR:exception_snapshot_win.cc(98)] thread ID 5324 not found in process
[0902/213821.531:ERROR:process_reader_win.cc(151)] SuspendThread: Access is denied. (0x5)
[0902/213821.531:ERROR:process_reader_win.cc(151)] SuspendThread: Access is denied. (0x5)
[0902/213821.531:ERROR:process_reader_win.cc(151)] SuspendThread: Access is denied. (0x5)
[0902/213821.531:ERROR:process_reader_win.cc(151)] SuspendThread: Access is denied. (0x5)
[0902/213821.531:ERROR:process_reader_win.cc(151)] SuspendThread: Access is denied. (0x5)
[0902/213821.531:ERROR:process_reader_win.cc(151)] SuspendThread: Access is denied. (0x5)
[0902/213821.531:ERROR:process_reader_win.cc(151)] SuspendThread: Access is denied. (0x5)
[0902/213821.531:ERROR:process_reader_win.cc(151)] SuspendThread: Access is denied. (0x5)
[0902/213821.531:ERROR:process_reader_win.cc(151)] SuspendThread: Access is denied. (0x5)
[0902/213821.531:ERROR:process_reader_win.cc(151)] SuspendThread: Access is denied. (0x5)
[0902/213821.531:ERROR:process_reader_win.cc(151)] SuspendThread: Access is denied. (0x5)
[0902/213821.531:ERROR:process_reader_win.cc(151)] SuspendThread: Access is denied. (0x5)
[0902/213821.531:ERROR:process_reader_win.cc(151)] SuspendThread: Access is denied. (0x5)
[0902/213821.531:ERROR:process_reader_win.cc(151)] SuspendThread: Access is denied. (0x5)
[0902/213821.531:ERROR:process_reader_win.cc(151)] SuspendThread: Access is denied. (0x5)
[0902/213821.531:ERROR:process_reader_win.cc(151)] SuspendThread: Access is denied. (0x5)
[0902/213821.531:ERROR:process_reader_win.cc(151)] SuspendThread: Access is denied. (0x5)
[0902/213821.531:ERROR:process_reader_win.cc(151)] SuspendThread: Access is denied. (0x5)
[0902/213821.531:ERROR:process_reader_win.cc(151)] SuspendThread: Access is denied. (0x5)
[0902/213821.531:ERROR:process_reader_win.cc(151)] SuspendThread: Access is denied. (0x5)
[0902/213821.531:ERROR:process_reader_win.cc(123)] NtOpenThread: {Access Denied} A process has requested access to an object, but has not been granted those access rights. (0xc0000022)
[0902/213821.531:ERROR:process_reader_win.cc(151)] SuspendThread: Access is denied. (0x5)
[0902/213821.531:ERROR:exception_snapshot_win.cc(98)] thread ID 14512 not found in process
[0902/213821.531:ERROR:process_reader_win.cc(123)] NtOpenThread: {Access Denied} A process has requested access to an object, but has not been granted those access rights. (0xc0000022)
[0902/213821.531:ERROR:exception_snapshot_win.cc(98)] thread ID 15248 not found in process
[0902/213821.573:ERROR:process_reader_win.cc(151)] SuspendThread: Access is denied. (0x5)
[0902/213821.573:ERROR:process_reader_win.cc(123)] NtOpenThread: {Access Denied} A process has requested access to an object, but has not been granted those access rights. (0xc0000022)
[0902/213821.573:ERROR:exception_snapshot_win.cc(98)] thread ID 10416 not found in process
[1012/094800.964:ERROR:directory_reader_win.cc(43)] FindFirstFile: The system cannot find the path specified. (0x3)
[1014/104613.154:ERROR:directory_reader_win.cc(43)] FindFirstFile: The system cannot find the path specified. (0x3)
[1014/104613.157:ERROR:filesystem_win.cc(129)] GetFileAttributes C:\Users\Lenovo\AppData\Local\Google\Chrome\User Data\Crashpad\attachments\cc94805f-a6b9-4a94-ac18-166bee67c63c: The system cannot find the path specified. (0x3)
[1014/200939.581:ERROR:directory_reader_win.cc(43)] FindFirstFile: The system cannot find the path specified. (0x3)
[1020/140411.336:ERROR:directory_reader_win.cc(43)] FindFirstFile: The system cannot find the path specified. (0x3)
[1027/094648.754:ERROR:directory_reader_win.cc(43)] FindFirstFile: The system cannot find the path specified. (0x3)
[1028/110028.596:ERROR:directory_reader_win.cc(43)] FindFirstFile: The system cannot find the path specified. (0x3)
[1030/125009.553:ERROR:directory_reader_win.cc(43)] FindFirstFile: The system cannot find the path specified. (0x3)
[1110/141708.410:ERROR:directory_reader_win.cc(43)] FindFirstFile: The system cannot find the path specified. (0x3)
[1112/113353.472:ERROR:directory_reader_win.cc(43)] FindFirstFile: The system cannot find the path specified. (0x3)
[1118/105045.279:ERROR:directory_reader_win.cc(43)] FindFirstFile: The system cannot find the path specified. (0x3)
[1118/105045.295:ERROR:filesystem_win.cc(129)] GetFileAttributes C:\Users\Lenovo\AppData\Local\Google\Chrome\User Data\Crashpad\attachments\cf03043c-359c-4ddf-9b64-b63cb897363c: The system cannot find the path specified. (0x3)
[1227/161105.281:ERROR:directory_reader_win.cc(43)] FindFirstFile: The system cannot find the path specified. (0x3)
[0112/161535.312:ERROR:directory_reader_win.cc(43)] FindFirstFile: The system cannot find the path specified. (0x3)
[0125/095709.083:ERROR:directory_reader_win.cc(43)] FindFirstFile: The system cannot find the path specified. (0x3)
